<?xml version="1.0" encoding="UTF-8"?>
<testng-results ignored="0" total="1" passed="1" failed="0" skipped="0">
  <reporter-output>
  </reporter-output>
  <suite started-at="2023-05-01T14:21:02 IST" name="Default suite" finished-at="2023-05-01T14:21:12 IST" duration-ms="9310">
    <groups>
    </groups>
    <test started-at="2023-05-01T14:21:02 IST" name="Default test" finished-at="2023-05-01T14:21:12 IST" duration-ms="9310">
      <class name="com.practice.techtrix.Techtrix">
        <test-method signature="TestMethod()[pri:0, instance:com.practice.techtrix.Techtrix@7bab3f1a]" started-at="2023-05-01T14:21:03 IST" name="TestMethod" finished-at="2023-05-01T14:21:12 IST" duration-ms="9184" status="PASS">
          <reporter-output>
          </reporter-output>
        </test-method> <!-- TestMethod -->
      </class> <!-- com.practice.techtrix.Techtrix -->
    </test> <!-- Default test -->
  </suite> <!-- Default suite -->
</testng-results>
